2018-06-13 09:22:42,752 [main] INFO t3.t3App - D:\workspaceMio\gac\t3
2018-06-13 09:30:05,086 [main] INFO t3.t3App - D:\workspaceMio\gac\t3
2018-06-13 09:36:33,833 [main] INFO t3.t3App - D:\workspaceMio\gac\t3
2018-06-13 09:37:10,131 [main] INFO t3.t3App - buscando ./templates/php/dao.tpl
2018-06-13 09:37:10,131 [main] INFO t3.t3App - File Found : true
2018-06-13 09:37:10,131 [main] INFO t3.t3App - buscando ./templates/php/persistencia.tpl
2018-06-13 09:37:10,131 [main] INFO t3.t3App - File Found : true
2018-06-13 09:37:10,146 [main] INFO t3.t3App - buscando ./templates/php/vista.tpl
2018-06-13 09:37:10,146 [main] INFO t3.t3App - File Found : true
2018-06-13 09:40:28,411 [main] INFO t3.t3App - D:\workspaceMio\gac\t3
2018-06-13 09:41:20,854 [main] INFO t3.t3App - buscando ./templates/php_custom/dao.tpl
2018-06-13 09:41:20,854 [main] INFO t3.t3App - File Found : true
2018-06-13 09:41:20,869 [main] INFO t3.t3App - buscando ./templates/php_custom/persistencia.tpl
2018-06-13 09:41:20,869 [main] INFO t3.t3App - File Found : true
2018-06-13 09:41:20,869 [main] INFO t3.t3App - buscando ./templates/php_custom/vista.tpl
2018-06-13 09:41:20,869 [main] INFO t3.t3App - File Found : true
2018-06-13 09:45:42,819 [main] INFO t3.t3App - D:\workspaceMio\gac\t3
2018-06-13 09:46:45,281 [main] INFO t3.t3App - buscando ./templates/php-custom/dao.tpl
2018-06-13 09:46:45,281 [main] INFO t3.t3App - File Found : true
2018-06-13 09:46:45,281 [main] INFO t3.t3App - buscando ./templates/php-custom/persistencia.tpl
2018-06-13 09:46:45,281 [main] INFO t3.t3App - File Found : true
2018-06-13 09:46:45,297 [main] INFO t3.t3App - buscando ./templates/php-custom/vista.tpl
2018-06-13 09:46:45,297 [main] INFO t3.t3App - File Found : true
2018-06-13 09:46:55,955 [main] INFO t3.t3App - buscando ./templates/php-custom/dao.tpl
2018-06-13 09:46:55,955 [main] INFO t3.t3App - File Found : true
2018-06-13 09:46:55,955 [main] INFO t3.t3App - buscando ./templates/php-custom/persistencia.tpl
2018-06-13 09:46:55,955 [main] INFO t3.t3App - File Found : true
2018-06-13 09:46:55,955 [main] INFO t3.t3App - buscando ./templates/php-custom/vista.tpl
2018-06-13 09:46:55,955 [main] INFO t3.t3App - File Found : true
2018-06-13 09:47:04,015 [main] INFO t3.t3App - buscando ./templates/php-custom/dao.tpl
2018-06-13 09:47:04,015 [main] INFO t3.t3App - File Found : true
2018-06-13 09:47:04,015 [main] INFO t3.t3App - buscando ./templates/php-custom/persistencia.tpl
2018-06-13 09:47:04,015 [main] INFO t3.t3App - File Found : true
2018-06-13 09:47:04,015 [main] INFO t3.t3App - buscando ./templates/php-custom/vista.tpl
2018-06-13 09:47:04,015 [main] INFO t3.t3App - File Found : true
2018-06-13 09:47:48,961 [main] INFO t3.t3App - buscando ./templates/php-custom/dao.tpl
2018-06-13 09:47:48,961 [main] INFO t3.t3App - File Found : true
2018-06-13 09:47:48,961 [main] INFO t3.t3App - buscando ./templates/php-custom/persistencia.tpl
2018-06-13 09:47:48,961 [main] INFO t3.t3App - File Found : true
2018-06-13 09:47:48,961 [main] INFO t3.t3App - buscando ./templates/php-custom/vista.tpl
2018-06-13 09:47:48,961 [main] INFO t3.t3App - File Found : true
2018-06-13 09:48:14,538 [main] INFO t3.t3App - buscando ./templates/php-custom/dao.tpl
2018-06-13 09:48:14,538 [main] INFO t3.t3App - File Found : true
2018-06-13 09:48:14,538 [main] INFO t3.t3App - buscando ./templates/php-custom/persistencia.tpl
2018-06-13 09:48:14,538 [main] INFO t3.t3App - File Found : true
2018-06-13 09:48:14,538 [main] INFO t3.t3App - buscando ./templates/php-custom/vista.tpl
2018-06-13 09:48:14,538 [main] INFO t3.t3App - File Found : true
2018-06-13 09:48:42,501 [main] INFO t3.t3App - buscando ./templates/php-custom/dao.tpl
2018-06-13 09:48:42,501 [main] INFO t3.t3App - File Found : true
2018-06-13 09:48:42,501 [main] INFO t3.t3App - buscando ./templates/php-custom/persistencia.tpl
2018-06-13 09:48:42,501 [main] INFO t3.t3App - File Found : true
2018-06-13 09:48:42,501 [main] INFO t3.t3App - buscando ./templates/php-custom/vista.tpl
2018-06-13 09:48:42,501 [main] INFO t3.t3App - File Found : true
2018-06-13 09:49:42,122 [main] INFO t3.t3App - buscando ./templates/php-custom/dao.tpl
2018-06-13 09:49:42,122 [main] INFO t3.t3App - File Found : true
2018-06-13 09:49:42,122 [main] INFO t3.t3App - buscando ./templates/php-custom/persistencia.tpl
2018-06-13 09:49:42,122 [main] INFO t3.t3App - File Found : true
2018-06-13 09:49:42,122 [main] INFO t3.t3App - buscando ./templates/php-custom/vista.tpl
2018-06-13 09:49:42,122 [main] INFO t3.t3App - File Found : true
2018-06-13 09:50:21,066 [main] INFO t3.t3App - D:\workspaceMio\gac\t3
